<?xml version="1.0" encoding="UTF-8"?>
<!-- Generated by org.testng.reporters.JUnitReportReporter -->
<testsuite skipped="2" hostname="IN1-1024812LT" name="com.qa.hs.keyword.tests.LoginTest" tests="3" failures="0" timestamp="27 Feb 2019 09:18:00 GMT" time="14.816" errors="0">
  <testcase name="FreeCRMLogin" time="14.816" classname="com.qa.hs.keyword.tests.LoginTest"/>
  <testcase name="loginTestScenario" classname="com.qa.hs.keyword.tests.LoginTest">
    <skipped/>
  </testcase> <!-- loginTestScenario -->
  <testcase name="signUpTestScenario" classname="com.qa.hs.keyword.tests.LoginTest">
    <skipped/>
  </testcase> <!-- signUpTestScenario -->
</testsuite> <!-- com.qa.hs.keyword.tests.LoginTest -->
